<?xml version="1.0" encoding="UTF-8"?>
<!-- Generated by org.testng.reporters.JUnitXMLReporter -->
<testsuite hostname="Mario" ignored="0" name="pages" tests="3" failures="1" timestamp="08 Nov 2018 16:20:04 GMT" time="15.427" errors="0">
  <testcase name="i_the_user_is_logged_in" time="5.726" classname="tests.ViewDashboard"/>
  <testcase name="i_go_to_dashboard" time="8.749" classname="tests.ViewDashboard"/>
  <testcase name="i_The_user_shall_view_his_contracts_and_subscribers" time="0.033" classname="tests.ViewDashboard">
    <failure type="java.lang.AssertionError" message="expected [https://simplicity.wf-de.vodafone.com/meinvodafone/services/] but found [https://www.vodafone.de/meinvodafone/services/]">
      <![CDATA[java.lang.AssertionError: expected [https://simplicity.wf-de.vodafone.com/meinvodafone/services/] but found [https://www.vodafone.de/meinvodafone/services/]
at tests.ViewDashboard.i_The_user_shall_view_his_contracts_and_subscribers(ViewDashboard.java:54)
... Removed 31 stack frames]]>
    </failure>
  </testcase> <!-- i_The_user_shall_view_his_contracts_and_subscribers -->
</testsuite> <!-- pages -->
